"File: sigfox_ep_bitstream.c  Assembler  Version HGASM0202      Page 1


   1  0000              ; Generated by holtek-gcc v3.19, Thu May 23 14:41:52 2024
   2  0000              ; 
   3  0000              ; Configuration:
   4  0000              ;       with long instruction
   5  0000              ;       Single ROM, Multi-RAM
   6  0000              ;       bits_per_rom_unit:16
   7  0000              ;       with mp1
   8  0000              ;       with tbhp, address(0x9)
   9  0000              ;          Use tabrd-const
  10  0000              ;       
  11  0000              ; SFR address of long-instruction arch:
  12  0000              ;    mp0 = -1,1,0
  13  0000              ;    mp1 = 4,3,2
  14  0000              ;    mp2 = 14,13,12
  15  0000              ;    tbp = 9,7,8
  16  0000              ;    acc = 5
  17  0000              ;    pcl = 6
  18  0000              ;    status = 10
  19  0000              ;    bp = 11
  20  0000              ;    intc = 16
  21  0000              ;       
  22  0000              ;       
  23  0000              ; use 'tabrdc' instead of 'tabrd'
  24  0000              ;       
  25  0000              
  26  0000              #pragma translator "holtek-gcc 4.6.4" "3.19" "build 20130711"
  27  0000              ; Rebuild 718
  28  0000              
  29  0000              ir equ [2]
  30  0000              mp equ [3]
  31  0000              sbp equ [4]
  32  0000              acc equ [5]
  33  0000              bp equ [11]
  34  0000              tblp equ [7]
  35  0000              tbhp equ [9]
  36  0000              status equ [10]
  37  0000              c equ [10].0
  38  0000              ac equ [10].1
  39  0000              z equ [10].2
  40  0000              ov equ [10].3
  41  0000              cz equ [10].6
  42  0000              sc equ [10].7
  43  0000              intc equ [16]
  44  0000              
  45  0000              extern ra:byte
  46  0000              extern rb:byte
  47  0000              extern rc:byte
  48  0000              extern rd:byte
  49  0000              extern re:byte
  50  0000              extern rf:byte
  51  0000              extern rg:byte
  52  0000              extern rh:byte
  53  0000              extern _Crom2Prom:near
  54  0000              extern _Crom2PromNext:near
  55  0000              
  56  0000              RAMBANK 0 @BITDATASEC, @BITDATASEC1
  57  0000              @HCCINIT	.section 'data'
  58  0000              @HCCINIT0	.section 'data'
  59  0000              @BITDATASEC	 .section 'data'
"File: sigfox_ep_bitstream.ASM  Assembler  Version HGASM0202      Page 2

  60  0000              @BITDATASEC1	 .section 'data'
  61  0000              
  62  0000              #pragma debug scope 1 1
  63  0000              public _SIGFOX_EP_BITSTREAM_build_application_frame
  64  0000              #pragma debug scope 2 1

 538  0000              #line 538 "d:\sigfox-ep-example-holtek-bc68f2150-master-tb0\middleware\sigfox-ep-lib\src\core\sigfox_ep_bitstream.c"
 538  0000              _SIGFOX_EP_BITSTREAM_build_application_frame .section 'code'
 538  0000              _SIGFOX_EP_BITSTREAM_build_application_frame proc
 538  0000              public _SIGFOX_EP_BITSTREAM_build_application_frame_2
 538  0000  002F[           local _SIGFOX_EP_BITSTREAM_build_application_frame_2 db 47 dup(?)	; 6,41
            00
            ]
 538  002F              #pragma debug struct_end
 538  002F              #pragma debug struct_end
 538  002F              #pragma debug struct_end
 538  002F              #pragma debug struct_end
 538  002F              #pragma debug pointer 44 43 2
 538  002F              #pragma debug pointer 44 43 2
 538  002F              #pragma debug variable 44 2 _SIGFOX_EP_BITSTREAM_build_application_frame_2+0 "input"
 538  002F              #pragma debug pointer 45 8 2
 538  002F              #pragma debug pointer 45 8 2
 538  002F              #pragma debug variable 45 2 _SIGFOX_EP_BITSTREAM_build_application_frame_2+2 "bitstream"
 538  002F              #pragma debug variable 45 2 _SIGFOX_EP_BITSTREAM_build_application_frame_2+4 "bitstream_size_bytes"
 549  002F              #line 549 "d:\sigfox-ep-example-holtek-bc68f2150-master-tb0\middleware\sigfox-ep-lib\src\core\sigfox_ep_bitstream.c"
 549  0000  1F00     R  	clr _sigfox_ep_bitstream_ctx[4]
 550  0001              #line 550 "d:\sigfox-ep-example-holtek-bc68f2150-master-tb0\middleware\sigfox-ep-lib\src\core\sigfox_ep_bitstream.c"
 550  0001  0F02        	mov a,2
 550  0002  0080     R  	mov _sigfox_ep_bitstream_ctx[5],a
 551  0003              #line 551 "d:\sigfox-ep-example-holtek-bc68f2150-master-tb0\middleware\sigfox-ep-lib\src\core\sigfox_ep_bitstream.c"
 551  0003  0700     R  	mov a,_SIGFOX_EP_BITSTREAM_build_application_frame_2[2]
 551  0004  0080     R  	mov _sigfox_ep_bitstream_ctx[0],a
 551  0005  0700     R  	mov a,_SIGFOX_EP_BITSTREAM_build_application_frame_2[3]
 551  0006  0080     R  	mov _sigfox_ep_bitstream_ctx[1],a
 560  0007              #line 560 "d:\sigfox-ep-example-holtek-bc68f2150-master-tb0\middleware\sigfox-ep-lib\src\core\sigfox_ep_bitstream.c"
 560  0007  0F08        	mov a,8
 560  0008  0300     R  	add a,_SIGFOX_EP_BITSTREAM_build_application_frame_2[0]
 560  0009  0083        	mov mp,a
 560  000A  0F00        	mov a,0
 560  000B  1300     R  	adc a,_SIGFOX_EP_BITSTREAM_build_application_frame_2[1]
 560  000C  0084        	mov sbp,a
 560  000D  2000     E  	call _Crom2Prom
 560  000E  0080     E  	mov rf,a
 560  000F  0700     E  	mov a,rf
 560  0010  0080     R  	mov _sigfox_ep_bitstream_ctx[6],a
 565  0011              #line 565 "d:\sigfox-ep-example-holtek-bc68f2150-master-tb0\middleware\sigfox-ep-lib\src\core\sigfox_ep_bitstream.c"
 565  0011  0700     R  	mov a,_SIGFOX_EP_BITSTREAM_build_application_frame_2[2]
 565  0012  0083        	mov mp,a
 565  0013  0700     R  	mov a,_SIGFOX_EP_BITSTREAM_build_application_frame_2[3]
 565  0014  0084        	mov sbp,a
 565  0015  0FAA        	mov a,170
 565  0016  0082        	mov ir,a
 565  0017  0F01        	mov a,1
 565  0018  0300     R  	add a,_SIGFOX_EP_BITSTREAM_build_application_frame_2[2]
 565  0019  0083        	mov mp,a
 565  001A  0F00        	mov a,0
 565  001B  1300     R  	adc a,_SIGFOX_EP_BITSTREAM_build_application_frame_2[3]
 565  001C  0084        	mov sbp,a
 565  001D  0FAA        	mov a,170
 565  001E  0082        	mov ir,a
"File: sigfox_ep_bitstream.c  Assembler  Version HGASM0202      Page 3

 592  001F              #line 592 "d:\sigfox-ep-example-holtek-bc68f2150-master-tb0\middleware\sigfox-ep-lib\src\core\sigfox_ep_bitstream.c"
 592  001F  0700     R  	mov a,_SIGFOX_EP_BITSTREAM_build_application_frame_2[0]
 592  0020  0080     E  	mov rb,a
 592  0021  0700     R  	mov a,_SIGFOX_EP_BITSTREAM_build_application_frame_2[1]
 592  0022  0080     E  	mov rc,a
 592  0023  0F05        	mov a,5
 592  0024  0300     E  	add a,rb
 592  0025  0083        	mov mp,a
 592  0026  0F00        	mov a,0
 592  0027  1300     E  	adc a,rc
 592  0028  0084        	mov sbp,a
 592  0029  2000     E  	call _Crom2Prom
 592  002A  0080     R  	mov _SIGFOX_EP_BITSTREAM_build_application_frame_2[35],a
 592  002B  0700     R  	mov a,_SIGFOX_EP_BITSTREAM_build_application_frame_2[35]
 592  002C  0A00        	sub a,0
 592  002D  3D0A        	sz z
 592  002E  2800     R  	jmp _L3
 592  002F  0A01        	sub a,(1)-(0)
 592  0030  3D0A        	sz z
 592  0031  2800     R  	jmp _L4
 592  0032              #line 592 "d:\sigfox-ep-example-holtek-bc68f2150-master-tb0\middleware\sigfox-ep-lib\src\core\sigfox_ep_bitstream.c"
 592  0032  0700     R  	mov a,_SIGFOX_EP_BITSTREAM_build_application_frame_2[35]
 592  0033  0A02        	sub a,2
 592  0034  3D0A        	sz z
 592  0035  2800     R  	jmp _L5
 592  0036  0700     R  	mov a,_SIGFOX_EP_BITSTREAM_build_application_frame_2[35]
 592  0037  0A03        	sub a,3
 592  0038  390A        	snz z
 592  0039  2800     R  	jmp _L1
 592  003A  2800     R  	jmp _L39
 592  003B              _L3:
 598  003B              #line 598 "d:\sigfox-ep-example-holtek-bc68f2150-master-tb0\middleware\sigfox-ep-lib\src\core\sigfox_ep_bitstream.c"
 598  003B  0F04        	mov a,4
 598  003C  0300     E  	add a,rb
 598  003D  0083        	mov mp,a
 598  003E  0F00        	mov a,0
 598  003F  1300     E  	adc a,rc
 598  0040  0084        	mov sbp,a
 598  0041  2000     E  	call _Crom2Prom
 598  0042  0080     E  	mov rb,a
 598  0043  1F00     E  	clr rc
 598  0044  340A        	clr c
 598  0045  1A00     E  	rlca rb
 598  0046  0080     E  	mov rd,a
 598  0047  1A00     E  	rlca rc
 598  0048  0080     E  	mov re,a
 598  0049  340A        	clr c
 598  004A  1A80     E  	rlc rd
 598  004B  1A80     E  	rlc re
 598  004C  0700     E  	mov a,rd
 598  004D  0380     E  	addm a,rb
 598  004E  0700     E  	mov a,re
 598  004F  1380     E  	adcm a,rc
 598  0050  340A        	clr c
 598  0051  1A80     E  	rlc rb
 598  0052  1A80     E  	rlc rc
 598  0053  0F00     R  	mov a,low offset _SIGFOX_EP_BITSTREAM_UL_FT_APPLICATION_TABLE
 598  0054  0300     E  	add a,rb
 598  0055  0083        	mov mp,a
 598  0056  0F00     R  	mov a,high offset _SIGFOX_EP_BITSTREAM_UL_FT_APPLICATION_TABLE
"File: sigfox_ep_bitstream.c  Assembler  Version HGASM0202      Page 4

 598  0057  1300     E  	adc a,rc
 598  0058  0084        	mov sbp,a
 598  0059  2800     R  	jmp _L37
 598  005A              _L4:
 606  005A              #line 606 "d:\sigfox-ep-example-holtek-bc68f2150-master-tb0\middleware\sigfox-ep-lib\src\core\sigfox_ep_bitstream.c"
 606  005A  0F04        	mov a,4
 606  005B  0300     E  	add a,rb
 606  005C  0083        	mov mp,a
 606  005D  0F00        	mov a,0
 606  005E  1300     E  	adc a,rc
 606  005F  0084        	mov sbp,a
 606  0060  2000     E  	call _Crom2Prom
 606  0061  0080     E  	mov rb,a
 606  0062  1F00     E  	clr rc
 606  0063  340A        	clr c
 606  0064  1A00     E  	rlca rb
 606  0065  0080     E  	mov rd,a
 606  0066  1A00     E  	rlca rc
 606  0067  0080     E  	mov re,a
 606  0068  340A        	clr c
 606  0069  1A80     E  	rlc rd
 606  006A  1A80     E  	rlc re
 606  006B  0700     E  	mov a,rd
 606  006C  0380     E  	addm a,rb
 606  006D  0700     E  	mov a,re
 606  006E  1380     E  	adcm a,rc
 606  006F  340A        	clr c
 606  0070  1A80     E  	rlc rb
 606  0071  1A80     E  	rlc rc
 606  0072  0F00     R  	mov a,low offset _SIGFOX_EP_BITSTREAM_UL_FT_APPLICATION_TABLE
 606  0073  0300     E  	add a,rb
 606  0074  0083        	mov mp,a
 606  0075  0F00     R  	mov a,high offset _SIGFOX_EP_BITSTREAM_UL_FT_APPLICATION_TABLE
 606  0076  1300     E  	adc a,rc
 606  0077  0084        	mov sbp,a
 606  0078  2000     E  	call _Crom2Prom
 606  0079  0080     R  	mov _sigfox_ep_bitstream_ctx[2],a
 606  007A  2000     E  	call _Crom2PromNext
 606  007B  0080     R  	mov _sigfox_ep_bitstream_ctx[3],a
 608  007C              #line 608 "d:\sigfox-ep-example-holtek-bc68f2150-master-tb0\middleware\sigfox-ep-lib\src\core\sigfox_ep_bitstream.c"
 608  007C  0F02        	mov a,2
 608  007D  0080     R  	mov _sigfox_ep_bitstream_ctx[4],a
 609  007E              #line 609 "d:\sigfox-ep-example-holtek-bc68f2150-master-tb0\middleware\sigfox-ep-lib\src\core\sigfox_ep_bitstream.c"
 609  007E  2800     R  	jmp _L7
 609  007F              _L5:
 615  007F              #line 615 "d:\sigfox-ep-example-holtek-bc68f2150-master-tb0\middleware\sigfox-ep-lib\src\core\sigfox_ep_bitstream.c"
 615  007F  0F04        	mov a,4
 615  0080  0300     E  	add a,rb
 615  0081  0083        	mov mp,a
 615  0082  0F00        	mov a,0
 615  0083  1300     E  	adc a,rc
 615  0084  0084        	mov sbp,a
 615  0085  2000     E  	call _Crom2Prom
 615  0086  0080     E  	mov rb,a
 615  0087  1F00     E  	clr rc
 615  0088  340A        	clr c
 615  0089  1A00     E  	rlca rb
 615  008A  0080     E  	mov rd,a
 615  008B  1A00     E  	rlca rc
 615  008C  0080     E  	mov re,a
"File: sigfox_ep_bitstream.c  Assembler  Version HGASM0202      Page 5

 615  008D  340A        	clr c
 615  008E  1A80     E  	rlc rd
 615  008F  1A80     E  	rlc re
 615  0090  0700     E  	mov a,rd
 615  0091  0380     E  	addm a,rb
 615  0092  0700     E  	mov a,re
 615  0093  1380     E  	adcm a,rc
 615  0094  340A        	clr c
 615  0095  1A80     E  	rlc rb
 615  0096  1A80     E  	rlc rc
 615  0097  0F00     R  	mov a,low offset _SIGFOX_EP_BITSTREAM_UL_FT_APPLICATION_TABLE
 615  0098  0300     E  	add a,rb
 615  0099  0083        	mov mp,a
 615  009A  0F00     R  	mov a,high offset _SIGFOX_EP_BITSTREAM_UL_FT_APPLICATION_TABLE
 615  009B  1300     E  	adc a,rc
 615  009C  0084        	mov sbp,a
 615  009D  2000     E  	call _Crom2Prom
 615  009E  0080     R  	mov _sigfox_ep_bitstream_ctx[2],a
 615  009F  2000     E  	call _Crom2PromNext
 615  00A0  0080     R  	mov _sigfox_ep_bitstream_ctx[3],a
 617  00A1              #line 617 "d:\sigfox-ep-example-holtek-bc68f2150-master-tb0\middleware\sigfox-ep-lib\src\core\sigfox_ep_bitstream.c"
 617  00A1  0F03        	mov a,3
 617  00A2  0080     R  	mov _sigfox_ep_bitstream_ctx[4],a
 618  00A3              #line 618 "d:\sigfox-ep-example-holtek-bc68f2150-master-tb0\middleware\sigfox-ep-lib\src\core\sigfox_ep_bitstream.c"
 618  00A3  2800     R  	jmp _L7
 618  00A4              _L39:
 620  00A4              #line 620 "d:\sigfox-ep-example-holtek-bc68f2150-master-tb0\middleware\sigfox-ep-lib\src\core\sigfox_ep_bitstream.c"
 620  00A4  1700     E  	sdza rf
 620  00A5  2800     R  	jmp _L8
 625  00A6              #line 625 "d:\sigfox-ep-example-holtek-bc68f2150-master-tb0\middleware\sigfox-ep-lib\src\core\sigfox_ep_bitstream.c"
 625  00A6  0F04        	mov a,4
 625  00A7  0300     E  	add a,rb
 625  00A8  0083        	mov mp,a
 625  00A9  0F00        	mov a,0
 625  00AA  1300     E  	adc a,rc
 625  00AB  0084        	mov sbp,a
 625  00AC  2000     E  	call _Crom2Prom
 625  00AD  0080     E  	mov rb,a
 625  00AE  1F00     E  	clr rc
 625  00AF  340A        	clr c
 625  00B0  1A00     E  	rlca rb
 625  00B1  0080     E  	mov rd,a
 625  00B2  1A00     E  	rlca rc
 625  00B3  0080     E  	mov re,a
 625  00B4  340A        	clr c
 625  00B5  1A80     E  	rlc rd
 625  00B6  1A80     E  	rlc re
 625  00B7  0700     E  	mov a,rd
 625  00B8  0380     E  	addm a,rb
 625  00B9  0700     E  	mov a,re
 625  00BA  1380     E  	adcm a,rc
 625  00BB  340A        	clr c
 625  00BC  1A80     E  	rlc rb
 625  00BD  1A80     E  	rlc rc
 625  00BE  0F00     R  	mov a,low (offset _SIGFOX_EP_BITSTREAM_UL_FT_APPLICATION_TABLE+2)
 625  00BF  0300     E  	add a,rb
 625  00C0  0083        	mov mp,a
 625  00C1  0F00     R  	mov a,high (offset _SIGFOX_EP_BITSTREAM_UL_FT_APPLICATION_TABLE+2)
 625  00C2  1300     E  	adc a,rc
 625  00C3  0084        	mov sbp,a
"File: sigfox_ep_bitstream.c  Assembler  Version HGASM0202      Page 6

 625  00C4              _L37:
 625  00C4  2000     E  	call _Crom2Prom
 625  00C5  0080     R  	mov _sigfox_ep_bitstream_ctx[2],a
 625  00C6  2000     E  	call _Crom2PromNext
 625  00C7  0080     R  	mov _sigfox_ep_bitstream_ctx[3],a
 625  00C8  2800     R  	jmp _L7
 625  00C9              _L8:
 633  00C9              #line 633 "d:\sigfox-ep-example-holtek-bc68f2150-master-tb0\middleware\sigfox-ep-lib\src\core\sigfox_ep_bitstream.c"
 633  00C9  1F00     E  	clr rg
 633  00CA  0FFF        	mov a,255
 633  00CB  0300     E  	add a,rf
 633  00CC  0080     E  	mov rd,a
 633  00CD  0FFF        	mov a,255
 633  00CE  1300     E  	adc a,rg
 633  00CF  0080     E  	mov re,a
 633  00D0  0700     E  	mov a,rd
 633  00D1  0080     R  	mov _SIGFOX_EP_BITSTREAM_build_application_frame_2[35],a
 633  00D2  0700     E  	mov a,re
 633  00D3  0080     R  	mov _SIGFOX_EP_BITSTREAM_build_application_frame_2[36],a
 633  00D4  3800     E  	snz re.7
 633  00D5  2800     R  	jmp _L9
 633  00D6  0F02        	mov a,2
 633  00D7  0300     E  	add a,rf
 633  00D8  0080     R  	mov _SIGFOX_EP_BITSTREAM_build_application_frame_2[35],a
 633  00D9  0F00        	mov a,0
 633  00DA  1300     E  	adc a,rg
 633  00DB  0080     R  	mov _SIGFOX_EP_BITSTREAM_build_application_frame_2[36],a
 633  00DC              _L9:
 633  00DC  0700     R  	mov a,_SIGFOX_EP_BITSTREAM_build_application_frame_2[35]
 633  00DD  0080     E  	mov rf,a
 633  00DE  0700     R  	mov a,_SIGFOX_EP_BITSTREAM_build_application_frame_2[36]
 633  00DF  0080     E  	mov rg,a
 633  00E0  1A00     E  	rlca rg
 633  00E1  1B80     E  	rrc rg
 633  00E2  1B80     E  	rrc rf
 633  00E3  1A00     E  	rlca rg
 633  00E4  1B80     E  	rrc rg
 633  00E5  1B80     E  	rrc rf
 633  00E6  0700     E  	mov a,rf
 633  00E7  0080     R  	mov _SIGFOX_EP_BITSTREAM_build_application_frame_2[35],a
 633  00E8  0700     E  	mov a,rg
 633  00E9  0080     R  	mov _SIGFOX_EP_BITSTREAM_build_application_frame_2[36],a
 633  00EA  0F04        	mov a,4
 633  00EB  0300     E  	add a,rb
 633  00EC  0083        	mov mp,a
 633  00ED  0F00        	mov a,0
 633  00EE  1300     E  	adc a,rc
 633  00EF  0084        	mov sbp,a
 633  00F0  2000     E  	call _Crom2Prom
 633  00F1  0080     E  	mov rb,a
 633  00F2  1F00     E  	clr rc
 633  00F3  340A        	clr c
 633  00F4  1A00     E  	rlca rb
 633  00F5  0080     E  	mov rf,a
 633  00F6  1A00     E  	rlca rc
 633  00F7  0080     E  	mov rg,a
 633  00F8  340A        	clr c
 633  00F9  1A80     E  	rlc rf
 633  00FA  1A80     E  	rlc rg
 633  00FB  0700     E  	mov a,rf
"File: sigfox_ep_bitstream.c  Assembler  Version HGASM0202      Page 7

 633  00FC  0380     E  	addm a,rb
 633  00FD  0700     E  	mov a,rg
 633  00FE  1380     E  	adcm a,rc
 633  00FF  0700     R  	mov a,_SIGFOX_EP_BITSTREAM_build_application_frame_2[35]
 633  0100  0380     E  	addm a,rb
 633  0101  0700     R  	mov a,_SIGFOX_EP_BITSTREAM_build_application_frame_2[36]
 633  0102  1380     E  	adcm a,rc
 633  0103  340A        	clr c
 633  0104  1A80     E  	rlc rb
 633  0105  1A80     E  	rlc rc
 633  0106  0F00     R  	mov a,low (offset _SIGFOX_EP_BITSTREAM_UL_FT_APPLICATION_TABLE+4)
 633  0107  0300     E  	add a,rb
 633  0108  0083        	mov mp,a
 633  0109  0F00     R  	mov a,high (offset _SIGFOX_EP_BITSTREAM_UL_FT_APPLICATION_TABLE+4)
 633  010A  1300     E  	adc a,rc
 633  010B  0084        	mov sbp,a
 633  010C  2000     E  	call _Crom2Prom
 633  010D  0080     R  	mov _sigfox_ep_bitstream_ctx[2],a
 633  010E  2000     E  	call _Crom2PromNext
 633  010F  0080     R  	mov _sigfox_ep_bitstream_ctx[3],a
 635  0110              #line 635 "d:\sigfox-ep-example-holtek-bc68f2150-master-tb0\middleware\sigfox-ep-lib\src\core\sigfox_ep_bitstream.c"
 635  0110  0F03        	mov a,3  
 635  0111  0680     E  	andm a,rd  
 635  0112  0F80        	mov a,128  
 635  0113  0680     E  	andm a,re
 635  0114  3800     E  	snz re.7
 635  0115  2800     R  	jmp _L10
 635  0116  0FFF        	mov a,255
 635  0117  0380     E  	addm a,rd
 635  0118  0FFF        	mov a,255
 635  0119  1380     E  	adcm a,re
 635  011A  0FFF        	mov a,255
 635  011B  0580     E  	orm a,re
 635  011C  0FFC        	mov a,252
 635  011D  0580     E  	orm a,rd
 635  011E  1480     E  	inc rd
 635  011F  3D0A        	sz z
 635  0120  1480     E  	inc re
 635  0121              _L10:
 635  0121  0F03        	mov a,3
 635  0122  0280     E  	subm a,rd
 635  0123  0700     E  	mov a,rd
 635  0124  0080     R  	mov _sigfox_ep_bitstream_ctx[4],a
 636  0125              #line 636 "d:\sigfox-ep-example-holtek-bc68f2150-master-tb0\middleware\sigfox-ep-lib\src\core\sigfox_ep_bitstream.c"
 636  0125  0700     E  	mov a,rd
 636  0126  0B02        	add a,2
 636  0127  0080     R  	mov _sigfox_ep_bitstream_ctx[5],a
 636  0128              _L7:
 648  0128              #line 648 "d:\sigfox-ep-example-holtek-bc68f2150-master-tb0\middleware\sigfox-ep-lib\src\core\sigfox_ep_bitstream.c"
 648  0128  0700     R  	mov a,_sigfox_ep_bitstream_ctx[2]
 648  0129  0080     E  	mov ra,a
 648  012A  0F02        	mov a,2
 648  012B  0300     R  	add a,_SIGFOX_EP_BITSTREAM_build_application_frame_2[2]
 648  012C  0083        	mov mp,a
 648  012D  0F00        	mov a,0
 648  012E  1300     R  	adc a,_SIGFOX_EP_BITSTREAM_build_application_frame_2[3]
 648  012F  0084        	mov sbp,a
 648  0130  0700     R  	mov a,_sigfox_ep_bitstream_ctx[3]
 648  0131  0082        	mov ir,a
 649  0132              #line 649 "d:\sigfox-ep-example-holtek-bc68f2150-master-tb0\middleware\sigfox-ep-lib\src\core\sigfox_ep_bitstream.c"
"File: sigfox_ep_bitstream.c  Assembler  Version HGASM0202      Page 8

 649  0132  0F03        	mov a,3
 649  0133  0300     R  	add a,_SIGFOX_EP_BITSTREAM_build_application_frame_2[2]
 649  0134  0083        	mov mp,a
 649  0135  0F00        	mov a,0
 649  0136  1300     R  	adc a,_SIGFOX_EP_BITSTREAM_build_application_frame_2[3]
 649  0137  0084        	mov sbp,a
 649  0138  0700     E  	mov a,ra
 649  0139  0082        	mov ir,a
 651  013A              #line 651 "d:\sigfox-ep-example-holtek-bc68f2150-master-tb0\middleware\sigfox-ep-lib\src\core\sigfox_ep_bitstream.c"
 651  013A  0700     R  	mov a,_sigfox_ep_bitstream_ctx[4]
 651  013B  0080     E  	mov ra,a
 651  013C  1900     E  	rra ra
 651  013D  1985        	rr acc
 651  013E  0EC0        	and a,0c0h
 651  013F  0080     E  	mov ra,a
 651  0140  0F04        	mov a,4
 651  0141  0300     R  	add a,_SIGFOX_EP_BITSTREAM_build_application_frame_2[2]
 651  0142  0083        	mov mp,a
 651  0143  0F00        	mov a,0
 651  0144  1300     R  	adc a,_SIGFOX_EP_BITSTREAM_build_application_frame_2[3]
 651  0145  0084        	mov sbp,a
 651  0146  0700     E  	mov a,ra
 651  0147  0082        	mov ir,a
 656  0148              #line 656 "d:\sigfox-ep-example-holtek-bc68f2150-master-tb0\middleware\sigfox-ep-lib\src\core\sigfox_ep_bitstream.c"
 656  0148  0F02        	mov a,2
 656  0149  0300     R  	add a,_SIGFOX_EP_BITSTREAM_build_application_frame_2[0]
 656  014A  0083        	mov mp,a
 656  014B  0F00        	mov a,0
 656  014C  1300     R  	adc a,_SIGFOX_EP_BITSTREAM_build_application_frame_2[1]
 656  014D  0084        	mov sbp,a
 656  014E  2000     E  	call _Crom2Prom
 656  014F  0080     E  	mov rb,a
 656  0150  2000     E  	call _Crom2PromNext
 656  0151  0080     E  	mov rc,a
 656  0152  0F00        	mov a,0  
 656  0153  0680     E  	andm a,rb  
 656  0154  0F0F        	mov a,15  
 656  0155  0680     E  	andm a,rc
 656  0156  0700     E  	mov a,rc
 656  0157  0580     E  	orm a,ra
 656  0158  0F04        	mov a,4
 656  0159  0300     R  	add a,_SIGFOX_EP_BITSTREAM_build_application_frame_2[2]
 656  015A  0083        	mov mp,a
 656  015B  0F00        	mov a,0
 656  015C  1300     R  	adc a,_SIGFOX_EP_BITSTREAM_build_application_frame_2[3]
 656  015D  0084        	mov sbp,a
 656  015E  0700     E  	mov a,ra
 656  015F  0082        	mov ir,a
 657  0160              #line 657 "d:\sigfox-ep-example-holtek-bc68f2150-master-tb0\middleware\sigfox-ep-lib\src\core\sigfox_ep_bitstream.c"
 657  0160  0F02        	mov a,2
 657  0161  0300     R  	add a,_SIGFOX_EP_BITSTREAM_build_application_frame_2[0]
 657  0162  0083        	mov mp,a
 657  0163  0F00        	mov a,0
 657  0164  1300     R  	adc a,_SIGFOX_EP_BITSTREAM_build_application_frame_2[1]
 657  0165  0084        	mov sbp,a
 657  0166  2000     E  	call _Crom2Prom
 657  0167  0080     E  	mov ra,a
 657  0168  0F05        	mov a,5
 657  0169  0300     R  	add a,_SIGFOX_EP_BITSTREAM_build_application_frame_2[2]
 657  016A  0083        	mov mp,a
"File: sigfox_ep_bitstream.c  Assembler  Version HGASM0202      Page 9

 657  016B  0F00        	mov a,0
 657  016C  1300     R  	adc a,_SIGFOX_EP_BITSTREAM_build_application_frame_2[3]
 657  016D  0084        	mov sbp,a
 657  016E  0700     E  	mov a,ra
 657  016F  0082        	mov ir,a
 657  0170  0F04        	mov a,4
 657  0171  0080     E  	mov ra,a
 659  0172              #line 659 "d:\sigfox-ep-example-holtek-bc68f2150-master-tb0\middleware\sigfox-ep-lib\src\core\sigfox_ep_bitstream.c"
 659  0172  1F00     E  	clr rh
 659  0173              _L12:
 660  0173              #line 660 "d:\sigfox-ep-example-holtek-bc68f2150-master-tb0\middleware\sigfox-ep-lib\src\core\sigfox_ep_bitstream.c"
 660  0173  0700     E  	mov a,rh
 660  0174  0080     E  	mov rb,a
 660  0175  1F00     E  	clr rc
 660  0176  0F03        	mov a,3
 660  0177  0200     E  	sub a,rb
 660  0178  0080     E  	mov rf,a
 660  0179  0F00        	mov a,0
 660  017A  1200     E  	sbc a,rc
 660  017B  0080     E  	mov rg,a
 660  017C  0700     E  	mov a,rf
 660  017D  0080     E  	mov rd,a
 660  017E  0700     E  	mov a,rg
 660  017F  0080     E  	mov re,a
 660  0180  0700     R  	mov a,_SIGFOX_EP_BITSTREAM_build_application_frame_2[0]
 660  0181  0083        	mov mp,a
 660  0182  0700     R  	mov a,_SIGFOX_EP_BITSTREAM_build_application_frame_2[1]
 660  0183  0084        	mov sbp,a
 660  0184  2000     E  	call _Crom2Prom
 660  0185  0080     E  	mov rf,a
 660  0186  2000     E  	call _Crom2PromNext
 660  0187  0080     E  	mov rg,a
 660  0188  0700     E  	mov a,rd
 660  0189  0300     E  	add a,rf
 660  018A  0083        	mov mp,a
 660  018B  0700     E  	mov a,re
 660  018C  1300     E  	adc a,rg
 660  018D  0084        	mov sbp,a
 660  018E  2000     E  	call _Crom2Prom
 660  018F  0080     E  	mov rd,a
 660  0190  0700     R  	mov a,_SIGFOX_EP_BITSTREAM_build_application_frame_2[2]
 660  0191  0380     E  	addm a,rb
 660  0192  0700     R  	mov a,_SIGFOX_EP_BITSTREAM_build_application_frame_2[3]
 660  0193  1380     E  	adcm a,rc
 660  0194  0F06        	mov a,6
 660  0195  0300     E  	add a,rb
 660  0196  0083        	mov mp,a
 660  0197  0F00        	mov a,0
 660  0198  1300     E  	adc a,rc
 660  0199  0084        	mov sbp,a
 660  019A  0700     E  	mov a,rd
 660  019B  0082        	mov ir,a
 659  019C              #line 659 "d:\sigfox-ep-example-holtek-bc68f2150-master-tb0\middleware\sigfox-ep-lib\src\core\sigfox_ep_bitstream.c"
 659  019C  1480     E  	inc rh
 659  019D  1780     E  	sdz ra
 659  019E  2800     R  	jmp _L12
 662  019F              #line 662 "d:\sigfox-ep-example-holtek-bc68f2150-master-tb0\middleware\sigfox-ep-lib\src\core\sigfox_ep_bitstream.c"
 662  019F  0700     R  	mov a,_SIGFOX_EP_BITSTREAM_build_application_frame_2[4]
 662  01A0  0083        	mov mp,a
 662  01A1  0700     R  	mov a,_SIGFOX_EP_BITSTREAM_build_application_frame_2[5]
"File: sigfox_ep_bitstream.c  Assembler  Version HGASM0202      Page 10

 662  01A2  0084        	mov sbp,a
 662  01A3  0F0A        	mov a,10
 662  01A4  0082        	mov ir,a
 673  01A5              #line 673 "d:\sigfox-ep-example-holtek-bc68f2150-master-tb0\middleware\sigfox-ep-lib\src\core\sigfox_ep_bitstream.c"
 673  01A5  0F05        	mov a,5
 673  01A6  0300     R  	add a,_SIGFOX_EP_BITSTREAM_build_application_frame_2[0]
 673  01A7  0083        	mov mp,a
 673  01A8  0F00        	mov a,0
 673  01A9  1300     R  	adc a,_SIGFOX_EP_BITSTREAM_build_application_frame_2[1]
 673  01AA  0084        	mov sbp,a
 673  01AB  2000     E  	call _Crom2Prom
 673  01AC  0080     E  	mov ra,a
 673  01AD  0700     E  	mov a,ra
 673  01AE  0A03        	sub a,3
 673  01AF  390A        	snz z
 673  01B0  2800     R  	jmp _L13
 674  01B1              #line 674 "d:\sigfox-ep-example-holtek-bc68f2150-master-tb0\middleware\sigfox-ep-lib\src\core\sigfox_ep_bitstream.c"
 674  01B1  0700     R  	mov a,_sigfox_ep_bitstream_ctx[6]
 674  01B2  0080     E  	mov rf,a
 674  01B3  1F00     E  	clr ra
 674  01B4              _L14:
 674  01B4  0700     E  	mov a,ra
 674  01B5  0200     E  	sub a,rf
 674  01B6  3C0A        	sz c
 674  01B7  2800     R  	jmp _L16
 675  01B8              #line 675 "d:\sigfox-ep-example-holtek-bc68f2150-master-tb0\middleware\sigfox-ep-lib\src\core\sigfox_ep_bitstream.c"
 675  01B8  0700     E  	mov a,ra
 675  01B9  0080     E  	mov rb,a
 675  01BA  1F00     E  	clr rc
 675  01BB  0F06        	mov a,6
 675  01BC  0300     R  	add a,_SIGFOX_EP_BITSTREAM_build_application_frame_2[0]
 675  01BD  0083        	mov mp,a
 675  01BE  0F00        	mov a,0
 675  01BF  1300     R  	adc a,_SIGFOX_EP_BITSTREAM_build_application_frame_2[1]
 675  01C0  0084        	mov sbp,a
 675  01C1  2000     E  	call _Crom2Prom
 675  01C2  0080     E  	mov rd,a
 675  01C3  2000     E  	call _Crom2PromNext
 675  01C4  0080     E  	mov re,a
 675  01C5  0700     E  	mov a,rb
 675  01C6  0300     E  	add a,rd
 675  01C7  0083        	mov mp,a
 675  01C8  0700     E  	mov a,rc
 675  01C9  1300     E  	adc a,re
 675  01CA  0084        	mov sbp,a
 675  01CB  2000     E  	call _Crom2Prom
 675  01CC  0080     E  	mov rd,a
 675  01CD  0700     R  	mov a,_SIGFOX_EP_BITSTREAM_build_application_frame_2[2]
 675  01CE  0380     E  	addm a,rb
 675  01CF  0700     R  	mov a,_SIGFOX_EP_BITSTREAM_build_application_frame_2[3]
 675  01D0  1380     E  	adcm a,rc
 675  01D1  0F0A        	mov a,10
 675  01D2  0300     E  	add a,rb
 675  01D3  0083        	mov mp,a
 675  01D4  0F00        	mov a,0
 675  01D5  1300     E  	adc a,rc
 675  01D6  0084        	mov sbp,a
 675  01D7  0700     E  	mov a,rd
 675  01D8  0082        	mov ir,a
 674  01D9              #line 674 "d:\sigfox-ep-example-holtek-bc68f2150-master-tb0\middleware\sigfox-ep-lib\src\core\sigfox_ep_bitstream.c"
"File: sigfox_ep_bitstream.c  Assembler  Version HGASM0202      Page 11

 674  01D9  1480     E  	inc ra
 674  01DA  2800     R  	jmp _L14
 674  01DB              _L13:
 679  01DB              #line 679 "d:\sigfox-ep-example-holtek-bc68f2150-master-tb0\middleware\sigfox-ep-lib\src\core\sigfox_ep_bitstream.c"
 679  01DB  1F00     R  	clr _sigfox_ep_bitstream_ctx[6]
 679  01DC              _L16:
 681  01DC              #line 681 "d:\sigfox-ep-example-holtek-bc68f2150-master-tb0\middleware\sigfox-ep-lib\src\core\sigfox_ep_bitstream.c"
 681  01DC  0700     R  	mov a,_sigfox_ep_bitstream_ctx[6]
 681  01DD  0080     E  	mov ra,a
 681  01DE  0700     R  	mov a,_SIGFOX_EP_BITSTREAM_build_application_frame_2[4]
 681  01DF  0083        	mov mp,a
 681  01E0  0700     R  	mov a,_SIGFOX_EP_BITSTREAM_build_application_frame_2[5]
 681  01E1  0084        	mov sbp,a
 681  01E2  2000     E  	call _Crom2Prom
 681  01E3  0080     R  	mov _SIGFOX_EP_BITSTREAM_build_application_frame_2[35],a
 681  01E4  0700     R  	mov a,_SIGFOX_EP_BITSTREAM_build_application_frame_2[35]
 681  01E5  0300     E  	add a,ra
 681  01E6  0080     E  	mov rb,a
 681  01E7  0700     E  	mov a,rb
 681  01E8  0082        	mov ir,a
 681  01E9              #pragma debug scope 3 2
 681  01E9              ;begin block, line: 681.-1
 681  01E9              #pragma debug scope 4 3
 681  01E9              ;begin block, line: 681.-1
 681  01E9              #pragma debug struct_end
 681  01E9              #pragma debug struct_end
 681  01E9              #pragma debug variable 46 4 _SIGFOX_EP_BITSTREAM_build_application_frame_2+32 "encryption_data"
 681  01E9              #pragma debug array 47 8 16 4
 681  01E9              #pragma debug array 47 8 16 4
 681  01E9              #pragma debug variable 47 4 _SIGFOX_EP_BITSTREAM_build_application_frame_2+6 "aes_data"
 681  01E9              #pragma debug variable 8 4 _SIGFOX_EP_BITSTREAM_build_application_frame_2+35 "encryption_idx"
 681  01E9              #pragma debug variable 8 4 _SIGFOX_EP_BITSTREAM_build_application_frame_2+42 "ul_auth_input_size_bytes"
 681  01E9              #pragma debug variable 8 4 _SIGFOX_EP_BITSTREAM_build_application_frame_2+38 "ul_auth_input_index"
 224  01E9              #line 224 "d:\sigfox-ep-example-holtek-bc68f2150-master-tb0\middleware\sigfox-ep-lib\src\core\sigfox_ep_bitstream.c"
 224  01E9  0700     E  	mov a,ra
 224  01EA  0B06        	add a,6
 224  01EB  0080     R  	mov _SIGFOX_EP_BITSTREAM_build_application_frame_2[42],a
 224  01EC  0F10        	mov a,16
 224  01ED  0080     E  	mov ra,a
 230  01EE              #line 230 "d:\sigfox-ep-example-holtek-bc68f2150-master-tb0\middleware\sigfox-ep-lib\src\core\sigfox_ep_bitstream.c"
 230  01EE  1F00     E  	clr rd
 231  01EF              #line 231 "d:\sigfox-ep-example-holtek-bc68f2150-master-tb0\middleware\sigfox-ep-lib\src\core\sigfox_ep_bitstream.c"
 231  01EF  0F00     R  	mov a,low offset _SIGFOX_EP_BITSTREAM_build_application_frame_2
 231  01F0  0080     E  	mov rb,a
 231  01F1  0F00     R  	mov a,high offset _SIGFOX_EP_BITSTREAM_build_application_frame_2
 231  01F2  0080     E  	mov rc,a
 231  01F3  0F06        	mov a,6
 231  01F4  0380     E  	addm a,rb
 231  01F5  0F00        	mov a,0
 231  01F6  1380     E  	adcm a,rc
 231  01F7              _L19:
 231  01F7  0700     E  	mov a,rd
 231  01F8  0300     E  	add a,rb
 231  01F9  0083        	mov mp,a
 231  01FA  1F05        	clr acc
 231  01FB  1300     E  	adc a,rc
 231  01FC  0084        	mov sbp,a
 231  01FD  0F00        	mov a,0
 231  01FE  0082        	mov ir,a
 230  01FF              #line 230 "d:\sigfox-ep-example-holtek-bc68f2150-master-tb0\middleware\sigfox-ep-lib\src\core\sigfox_ep_bitstream.c"
"File: sigfox_ep_bitstream.c  Assembler  Version HGASM0202      Page 12

 230  01FF  1480     E  	inc rd
 230  0200  1780     E  	sdz ra
 230  0201  2800     R  	jmp _L19
 230  0202  1F00     R  	clr _SIGFOX_EP_BITSTREAM_build_application_frame_2[38]
 230  0203  1F00     R  	clr _SIGFOX_EP_BITSTREAM_build_application_frame_2[35]
 230  0204              _L18:
 236  0204              #line 236 "d:\sigfox-ep-example-holtek-bc68f2150-master-tb0\middleware\sigfox-ep-lib\src\core\sigfox_ep_bitstream.c"
 236  0204  0700     R  	mov a,_sigfox_ep_bitstream_ctx[6]
 236  0205  0080     E  	mov re,a
 236  0206  0700     E  	mov a,re
 236  0207  0080     E  	mov rb,a
 236  0208  1F00     E  	clr rc
 236  0209  0F00     R  	mov a,low offset _SIGFOX_EP_BITSTREAM_UL_ENCRYPTION_LOOP_LUT
 236  020A  0300     E  	add a,rb
 236  020B  0083        	mov mp,a
 236  020C  0F00     R  	mov a,high offset _SIGFOX_EP_BITSTREAM_UL_ENCRYPTION_LOOP_LUT
 236  020D  1300     E  	adc a,rc
 236  020E  0084        	mov sbp,a
 236  020F  2000     E  	call _Crom2Prom
 236  0210  0080     E  	mov ra,a
 236  0211  0700     R  	mov a,_sigfox_ep_bitstream_ctx[0]
 236  0212  0080     R  	mov _SIGFOX_EP_BITSTREAM_build_application_frame_2[40],a
 236  0213  0700     R  	mov a,_sigfox_ep_bitstream_ctx[1]
 236  0214  0080     R  	mov _SIGFOX_EP_BITSTREAM_build_application_frame_2[41],a
 236  0215  0700     R  	mov a,_SIGFOX_EP_BITSTREAM_build_application_frame_2[35]
 236  0216  0200     E  	sub a,ra
 236  0217  380A        	snz c
 236  0218  2800     R  	jmp _L21
 264  0219              #line 264 "d:\sigfox-ep-example-holtek-bc68f2150-master-tb0\middleware\sigfox-ep-lib\src\core\sigfox_ep_bitstream.c"
 264  0219  0700     R  	mov a,_sigfox_ep_bitstream_ctx[5]
 264  021A  0080     E  	mov rd,a
 266  021B              #line 266 "d:\sigfox-ep-example-holtek-bc68f2150-master-tb0\middleware\sigfox-ep-lib\src\core\sigfox_ep_bitstream.c"
 266  021B  1F00     E  	clr ra
 266  021C  0F00     R  	mov a,low offset _SIGFOX_EP_BITSTREAM_build_application_frame_2
 266  021D  0080     E  	mov rf,a
 266  021E  0F00     R  	mov a,high offset _SIGFOX_EP_BITSTREAM_build_application_frame_2
 266  021F  0080     E  	mov rg,a
 266  0220  0F06        	mov a,6
 266  0221  0300     E  	add a,rf
 266  0222  0080     R  	mov _SIGFOX_EP_BITSTREAM_build_application_frame_2[35],a
 266  0223  0F00        	mov a,0
 266  0224  1300     E  	adc a,rg
 266  0225  0080     R  	mov _SIGFOX_EP_BITSTREAM_build_application_frame_2[36],a
 266  0226  0700     E  	mov a,rb
 266  0227  0300     R  	add a,_SIGFOX_EP_BITSTREAM_build_application_frame_2[40]
 266  0228  0080     E  	mov rg,a
 266  0229  0700     E  	mov a,rc
 266  022A  1300     R  	adc a,_SIGFOX_EP_BITSTREAM_build_application_frame_2[41]
 266  022B  0080     E  	mov rh,a
 266  022C  2800     R  	jmp _L22
 266  022D              _L21:
 244  022D              #line 244 "d:\sigfox-ep-example-holtek-bc68f2150-master-tb0\middleware\sigfox-ep-lib\src\core\sigfox_ep_bitstream.c"
 244  022D  0F10        	mov a,16
 244  022E  0080     R  	mov _SIGFOX_EP_BITSTREAM_build_application_frame_2[37],a
 244  022F  1F00     E  	clr ra
 244  0230  0F00     R  	mov a,low offset _SIGFOX_EP_BITSTREAM_build_application_frame_2
 244  0231  0080     E  	mov rf,a
 244  0232  0F00     R  	mov a,high offset _SIGFOX_EP_BITSTREAM_build_application_frame_2
 244  0233  0080     E  	mov rg,a
 244  0234  0F06        	mov a,6
"File: sigfox_ep_bitstream.c  Assembler  Version HGASM0202      Page 13

 244  0235  0380     E  	addm a,rf
 244  0236  0F00        	mov a,0
 244  0237  1380     E  	adcm a,rg
 245  0238              #line 245 "d:\sigfox-ep-example-holtek-bc68f2150-master-tb0\middleware\sigfox-ep-lib\src\core\sigfox_ep_bitstream.c"
 245  0238  0700     R  	mov a,_SIGFOX_EP_BITSTREAM_build_application_frame_2[42]
 245  0239  0080     R  	mov _SIGFOX_EP_BITSTREAM_build_application_frame_2[44],a
 245  023A  1F00     R  	clr _SIGFOX_EP_BITSTREAM_build_application_frame_2[45]
 245  023B              _L23:
 244  023B              #line 244 "d:\sigfox-ep-example-holtek-bc68f2150-master-tb0\middleware\sigfox-ep-lib\src\core\sigfox_ep_bitstream.c"
 244  023B  0700     R  	mov a,_SIGFOX_EP_BITSTREAM_build_application_frame_2[38]
 244  023C  0080     E  	mov rb,a
 244  023D  1F00     E  	clr rc
 244  023E  0700     E  	mov a,ra
 244  023F  0300     E  	add a,rf
 244  0240  0080     E  	mov rd,a
 244  0241  1F05        	clr acc
 244  0242  1300     E  	adc a,rg
 244  0243  0080     E  	mov re,a
 244  0244  0700     E  	mov a,rb
 244  0245  0300     R  	add a,_SIGFOX_EP_BITSTREAM_build_application_frame_2[40]
 244  0246  0080     R  	mov _SIGFOX_EP_BITSTREAM_build_application_frame_2[38],a
 244  0247  0700     E  	mov a,rc
 244  0248  1300     R  	adc a,_SIGFOX_EP_BITSTREAM_build_application_frame_2[41]
 244  0249  0080     R  	mov _SIGFOX_EP_BITSTREAM_build_application_frame_2[39],a
 244  024A  0700     E  	mov a,rd
 244  024B  0083        	mov mp,a
 244  024C  0700     E  	mov a,re
 244  024D  0084        	mov sbp,a
 244  024E  2000     E  	call _Crom2Prom
 244  024F  0080     E  	mov rh,a
 244  0250  0F04        	mov a,4
 244  0251  0300     R  	add a,_SIGFOX_EP_BITSTREAM_build_application_frame_2[38]
 244  0252  0083        	mov mp,a
 244  0253  0F00        	mov a,0
 244  0254  1300     R  	adc a,_SIGFOX_EP_BITSTREAM_build_application_frame_2[39]
 244  0255  0084        	mov sbp,a
 244  0256  2000     E  	call _Crom2Prom
 244  0257  0080     R  	mov _SIGFOX_EP_BITSTREAM_build_application_frame_2[38],a
 244  0258  0700     R  	mov a,_SIGFOX_EP_BITSTREAM_build_application_frame_2[38]
 244  0259  0480     E  	xorm a,rh
 244  025A  0700     E  	mov a,rd
 244  025B  0083        	mov mp,a
 244  025C  0700     E  	mov a,re
 244  025D  0084        	mov sbp,a
 244  025E  0700     E  	mov a,rh
 244  025F  0082        	mov ir,a
 245  0260              #line 245 "d:\sigfox-ep-example-holtek-bc68f2150-master-tb0\middleware\sigfox-ep-lib\src\core\sigfox_ep_bitstream.c"
 245  0260  1480     E  	inc rb
 245  0261  3D0A        	sz z
 245  0262  1480     E  	inc rc
 245  0263  0700     E  	mov a,rb
 245  0264  0080     E  	mov _builtin_holtek_udivmodhi4_2[0],a
 245  0265  0700     E  	mov a,rc
 245  0266  0080     E  	mov _builtin_holtek_udivmodhi4_2[1],a
 245  0267  0700     R  	mov a,_SIGFOX_EP_BITSTREAM_build_application_frame_2[44]
 245  0268  0080     E  	mov _builtin_holtek_udivmodhi4_2[2],a
 245  0269  0700     R  	mov a,_SIGFOX_EP_BITSTREAM_build_application_frame_2[45]
 245  026A  0080     E  	mov _builtin_holtek_udivmodhi4_2[3],a
 245  026B  2000     E  	call _builtin_holtek_divmodhi4
 245  026C  0700     E  	mov a,_builtin_holtek_udivmodhi4_2[4]
"File: sigfox_ep_bitstream.c  Assembler  Version HGASM0202      Page 14

 245  026D  0080     E  	mov rb,a
 245  026E  0700     E  	mov a,_builtin_holtek_udivmodhi4_2[5]
 245  026F  0080     E  	mov rc,a
 245  0270  0700     E  	mov a,rb
 245  0271  0080     R  	mov _SIGFOX_EP_BITSTREAM_build_application_frame_2[38],a
 242  0272              #line 242 "d:\sigfox-ep-example-holtek-bc68f2150-master-tb0\middleware\sigfox-ep-lib\src\core\sigfox_ep_bitstream.c"
 242  0272  1480     E  	inc ra
 242  0273  1780     R  	sdz _SIGFOX_EP_BITSTREAM_build_application_frame_2[37]
 242  0274  2800     R  	jmp _L23
 248  0275              #line 248 "d:\sigfox-ep-example-holtek-bc68f2150-master-tb0\middleware\sigfox-ep-lib\src\core\sigfox_ep_bitstream.c"
 248  0275  0700     E  	mov a,rf
 248  0276  0080     R  	mov _SIGFOX_EP_BITSTREAM_build_application_frame_2[32],a
 248  0277  0700     E  	mov a,rg
 248  0278  0080     R  	mov _SIGFOX_EP_BITSTREAM_build_application_frame_2[33],a
 249  0279              #line 249 "d:\sigfox-ep-example-holtek-bc68f2150-master-tb0\middleware\sigfox-ep-lib\src\core\sigfox_ep_bitstream.c"
 249  0279  0F10        	mov a,16
 249  027A  0080     R  	mov _SIGFOX_EP_BITSTREAM_build_application_frame_2[34],a
 258  027B              #line 258 "d:\sigfox-ep-example-holtek-bc68f2150-master-tb0\middleware\sigfox-ep-lib\src\core\sigfox_ep_bitstream.c"
 258  027B  0F00     R  	mov a,low offset _SIGFOX_EP_BITSTREAM_build_application_frame_2
 258  027C  0080     E  	mov ra,a
 258  027D  0F00     R  	mov a,high offset _SIGFOX_EP_BITSTREAM_build_application_frame_2
 258  027E  0080     E  	mov rb,a
 258  027F  0F20        	mov a,32
 258  0280  0300     E  	add a,ra
 258  0281  0080     E  	mov _MCU_API_aes_128_cbc_encrypt_2[0],a
 258  0282  0F00        	mov a,0
 258  0283  1300     E  	adc a,rb
 258  0284  0080     E  	mov _MCU_API_aes_128_cbc_encrypt_2[1],a
 258  0285  2000     E  	call _MCU_API_aes_128_cbc_encrypt
 236  0286              #line 236 "d:\sigfox-ep-example-holtek-bc68f2150-master-tb0\middleware\sigfox-ep-lib\src\core\sigfox_ep_bitstream.c"
 236  0286  1480     R  	inc _SIGFOX_EP_BITSTREAM_build_application_frame_2[35]
 236  0287  2800     R  	jmp _L18
 236  0288              _L22:
 264  0288              #line 264 "d:\sigfox-ep-example-holtek-bc68f2150-master-tb0\middleware\sigfox-ep-lib\src\core\sigfox_ep_bitstream.c"
 264  0288  0700     E  	mov a,ra
 264  0289  0200     E  	sub a,rd
 264  028A  3C0A        	sz c
 264  028B  2800     R  	jmp _L40
 266  028C              #line 266 "d:\sigfox-ep-example-holtek-bc68f2150-master-tb0\middleware\sigfox-ep-lib\src\core\sigfox_ep_bitstream.c"
 266  028C  0700     E  	mov a,ra
 266  028D  0080     E  	mov rb,a
 266  028E  1F00     E  	clr rc
 266  028F  0700     E  	mov a,rb
 266  0290  0300     R  	add a,_SIGFOX_EP_BITSTREAM_build_application_frame_2[35]
 266  0291  0083        	mov mp,a
 266  0292  0700     E  	mov a,rc
 266  0293  1300     R  	adc a,_SIGFOX_EP_BITSTREAM_build_application_frame_2[36]
 266  0294  0084        	mov sbp,a
 266  0295  2000     E  	call _Crom2Prom
 266  0296  0080     E  	mov rf,a
 266  0297  0700     E  	mov a,rg
 266  0298  0380     E  	addm a,rb
 266  0299  0700     E  	mov a,rh
 266  029A  1380     E  	adcm a,rc
 266  029B  0F0A        	mov a,10
 266  029C  0300     E  	add a,rb
 266  029D  0083        	mov mp,a
 266  029E  0F00        	mov a,0
 266  029F  1300     E  	adc a,rc
 266  02A0  0084        	mov sbp,a
"File: sigfox_ep_bitstream.c  Assembler  Version HGASM0202      Page 15

 266  02A1  0700     E  	mov a,rf
 266  02A2  0082        	mov ir,a
 264  02A3              #line 264 "d:\sigfox-ep-example-holtek-bc68f2150-master-tb0\middleware\sigfox-ep-lib\src\core\sigfox_ep_bitstream.c"
 264  02A3  1480     E  	inc ra
 264  02A4  2800     R  	jmp _L22
 264  02A5              _L40:
 264  02A5              #pragma debug scope 3 2
 264  02A5              #pragma debug scope 2 1
 690  02A5              #line 690 "d:\sigfox-ep-example-holtek-bc68f2150-master-tb0\middleware\sigfox-ep-lib\src\core\sigfox_ep_bitstream.c"
 690  02A5  0700     R  	mov a,_SIGFOX_EP_BITSTREAM_build_application_frame_2[4]
 690  02A6  0083        	mov mp,a
 690  02A7  0700     R  	mov a,_SIGFOX_EP_BITSTREAM_build_application_frame_2[5]
 690  02A8  0084        	mov sbp,a
 690  02A9  2000     E  	call _Crom2Prom
 690  02AA  0080     R  	mov _SIGFOX_EP_BITSTREAM_build_application_frame_2[35],a
 690  02AB  0700     R  	mov a,_SIGFOX_EP_BITSTREAM_build_application_frame_2[35]
 690  02AC  0300     E  	add a,rd
 690  02AD  0080     E  	mov ra,a
 690  02AE  0700     E  	mov a,ra
 690  02AF  0082        	mov ir,a
 690  02B0              #pragma debug scope 5 2
 690  02B0              ;begin block, line: 690.-1
 690  02B0              #pragma debug scope 6 5
 690  02B0              ;begin block, line: 690.-1
 690  02B0              #pragma debug variable 10 6 _SIGFOX_EP_BITSTREAM_build_application_frame_2+6 "ul_crc"
 280  02B0              #line 280 "d:\sigfox-ep-example-holtek-bc68f2150-master-tb0\middleware\sigfox-ep-lib\src\core\sigfox_ep_bitstream.c"
 280  02B0  1F00     R  	clr _SIGFOX_EP_BITSTREAM_build_application_frame_2[6]
 280  02B1  1F00     R  	clr _SIGFOX_EP_BITSTREAM_build_application_frame_2[7]
 307  02B2              #line 307 "d:\sigfox-ep-example-holtek-bc68f2150-master-tb0\middleware\sigfox-ep-lib\src\core\sigfox_ep_bitstream.c"
 307  02B2  0F00     R  	mov a,low offset _SIGFOX_EP_BITSTREAM_build_application_frame_2
 307  02B3  0080     E  	mov ra,a
 307  02B4  0F00     R  	mov a,high offset _SIGFOX_EP_BITSTREAM_build_application_frame_2
 307  02B5  0080     E  	mov rb,a
 307  02B6  0F06        	mov a,6
 307  02B7  0300     E  	add a,ra
 307  02B8  0080     E  	mov _SIGFOX_CRC_compute_crc16_2[5],a
 307  02B9  0F00        	mov a,0
 307  02BA  1300     E  	adc a,rb
 307  02BB  0080     E  	mov _SIGFOX_CRC_compute_crc16_2[6],a
 307  02BC  0F21        	mov a,33
 307  02BD  0080     E  	mov _SIGFOX_CRC_compute_crc16_2[3],a
 307  02BE  0F10        	mov a,16
 307  02BF  0080     E  	mov _SIGFOX_CRC_compute_crc16_2[4],a
 282  02C0              #line 282 "d:\sigfox-ep-example-holtek-bc68f2150-master-tb0\middleware\sigfox-ep-lib\src\core\sigfox_ep_bitstream.c"
 282  02C0  0F06        	mov a,6
 282  02C1  0380     E  	addm a,rd
 307  02C2              #line 307 "d:\sigfox-ep-example-holtek-bc68f2150-master-tb0\middleware\sigfox-ep-lib\src\core\sigfox_ep_bitstream.c"
 307  02C2  0700     E  	mov a,rd
 307  02C3  0300     E  	add a,re
 307  02C4  0080     E  	mov _SIGFOX_CRC_compute_crc16_2[2],a
 307  02C5  0F04        	mov a,4
 307  02C6  0300     R  	add a,_sigfox_ep_bitstream_ctx[0]
 307  02C7  0080     E  	mov _SIGFOX_CRC_compute_crc16_2[0],a
 307  02C8  0F00        	mov a,0
 307  02C9  1300     R  	adc a,_sigfox_ep_bitstream_ctx[1]
 307  02CA  0080     E  	mov _SIGFOX_CRC_compute_crc16_2[1],a
 307  02CB  2000     E  	call _SIGFOX_CRC_compute_crc16
 310  02CC              #line 310 "d:\sigfox-ep-example-holtek-bc68f2150-master-tb0\middleware\sigfox-ep-lib\src\core\sigfox_ep_bitstream.c"
 310  02CC  0700     R  	mov a,_SIGFOX_EP_BITSTREAM_build_application_frame_2[6]
 310  02CD  0080     E  	mov rd,a
"File: sigfox_ep_bitstream.c  Assembler  Version HGASM0202      Page 16

 310  02CE  0700     R  	mov a,_SIGFOX_EP_BITSTREAM_build_application_frame_2[7]
 310  02CF  0080     E  	mov re,a
 310  02D0  0180     E  	cpl rd
 310  02D1  0180     E  	cpl re
 310  02D2  0700     E  	mov a,rd
 310  02D3  0080     R  	mov _SIGFOX_EP_BITSTREAM_build_application_frame_2[6],a
 310  02D4  0700     E  	mov a,re
 310  02D5  0080     R  	mov _SIGFOX_EP_BITSTREAM_build_application_frame_2[7],a
 313  02D6              #line 313 "d:\sigfox-ep-example-holtek-bc68f2150-master-tb0\middleware\sigfox-ep-lib\src\core\sigfox_ep_bitstream.c"
 313  02D6  0700     R  	mov a,_sigfox_ep_bitstream_ctx[0]
 313  02D7  0080     R  	mov _SIGFOX_EP_BITSTREAM_build_application_frame_2[35],a
 313  02D8  0700     R  	mov a,_sigfox_ep_bitstream_ctx[1]
 313  02D9  0080     R  	mov _SIGFOX_EP_BITSTREAM_build_application_frame_2[36],a
 313  02DA  0700     R  	mov a,_sigfox_ep_bitstream_ctx[6]
 313  02DB  0080     E  	mov rd,a
 313  02DC  0700     R  	mov a,_sigfox_ep_bitstream_ctx[5]
 313  02DD  0080     E  	mov ra,a
 313  02DE  0700     E  	mov a,rd
 313  02DF  0080     E  	mov rb,a
 313  02E0  1F00     E  	clr rc
 313  02E1  0700     E  	mov a,ra
 313  02E2  0380     E  	addm a,rb
 313  02E3  3C0A        	sz c
 313  02E4  1480     E  	inc rc
 313  02E5  0700     R  	mov a,_SIGFOX_EP_BITSTREAM_build_application_frame_2[35]
 313  02E6  0380     E  	addm a,rb
 313  02E7  0700     R  	mov a,_SIGFOX_EP_BITSTREAM_build_application_frame_2[36]
 313  02E8  1380     E  	adcm a,rc
 313  02E9  0F0A        	mov a,10
 313  02EA  0300     E  	add a,rb
 313  02EB  0083        	mov mp,a
 313  02EC  0F00        	mov a,0
 313  02ED  1300     E  	adc a,rc
 313  02EE  0084        	mov sbp,a
 313  02EF  0700     E  	mov a,re
 313  02F0  0082        	mov ir,a
 314  02F1              #line 314 "d:\sigfox-ep-example-holtek-bc68f2150-master-tb0\middleware\sigfox-ep-lib\src\core\sigfox_ep_bitstream.c"
 314  02F1  0F0B        	mov a,11
 314  02F2  0300     E  	add a,rb
 314  02F3  0083        	mov mp,a
 314  02F4  0F00        	mov a,0
 314  02F5  1300     E  	adc a,rc
 314  02F6  0084        	mov sbp,a
 314  02F7  0700     R  	mov a,_SIGFOX_EP_BITSTREAM_build_application_frame_2[6]
 314  02F8  0082        	mov ir,a
 314  02F9              #pragma debug scope 5 2
 314  02F9              #pragma debug scope 2 1
 698  02F9              #line 698 "d:\sigfox-ep-example-holtek-bc68f2150-master-tb0\middleware\sigfox-ep-lib\src\core\sigfox_ep_bitstream.c"
 698  02F9  0700     R  	mov a,_SIGFOX_EP_BITSTREAM_build_application_frame_2[4]
 698  02FA  0083        	mov mp,a
 698  02FB  0700     R  	mov a,_SIGFOX_EP_BITSTREAM_build_application_frame_2[5]
 698  02FC  0084        	mov sbp,a
 698  02FD  2000     E  	call _Crom2Prom
 698  02FE  0080     R  	mov _SIGFOX_EP_BITSTREAM_build_application_frame_2[37],a
 698  02FF  0700     R  	mov a,_SIGFOX_EP_BITSTREAM_build_application_frame_2[37]
 698  0300  0B02        	add a,2
 698  0301  0080     E  	mov rb,a
 698  0302  0700     E  	mov a,rb
 698  0303  0082        	mov ir,a
 701  0304              #line 701 "d:\sigfox-ep-example-holtek-bc68f2150-master-tb0\middleware\sigfox-ep-lib\src\core\sigfox_ep_bitstream.c"
"File: sigfox_ep_bitstream.c  Assembler  Version HGASM0202      Page 17

 701  0304  0F04        	mov a,4
 701  0305  0300     R  	add a,_SIGFOX_EP_BITSTREAM_build_application_frame_2[0]
 701  0306  0083        	mov mp,a
 701  0307  0F00        	mov a,0
 701  0308  1300     R  	adc a,_SIGFOX_EP_BITSTREAM_build_application_frame_2[1]
 701  0309  0084        	mov sbp,a
 701  030A  2000     E  	call _Crom2Prom
 701  030B  0080     R  	mov _SIGFOX_EP_BITSTREAM_build_application_frame_2[37],a
 701  030C              #pragma debug scope 7 2
 701  030C              ;begin block, line: 701.-1
 701  030C              #pragma debug scope 8 7
 701  030C              ;begin block, line: 701.-1
 701  030C              #pragma debug array 48 8 26 8
 701  030C              #pragma debug array 48 8 26 8
 701  030C              #pragma debug variable 48 8 _SIGFOX_EP_BITSTREAM_build_application_frame_2+6 "initial_bitstream"
 701  030C              #pragma debug variable 8 8 _SIGFOX_EP_BITSTREAM_build_application_frame_2+38 "convolution_input_size_bytes"
 334  030C              #line 334 "d:\sigfox-ep-example-holtek-bc68f2150-master-tb0\middleware\sigfox-ep-lib\src\core\sigfox_ep_bitstream.c"
 334  030C  0700     E  	mov a,rd
 334  030D  0380     E  	addm a,ra
 334  030E  0700     E  	mov a,ra
 334  030F  0B08        	add a,8
 334  0310  0080     R  	mov _SIGFOX_EP_BITSTREAM_build_application_frame_2[38],a
 339  0311              #line 339 "d:\sigfox-ep-example-holtek-bc68f2150-master-tb0\middleware\sigfox-ep-lib\src\core\sigfox_ep_bitstream.c"
 339  0311  1F00     E  	clr ra
 340  0312              #line 340 "d:\sigfox-ep-example-holtek-bc68f2150-master-tb0\middleware\sigfox-ep-lib\src\core\sigfox_ep_bitstream.c"
 340  0312  0F00     R  	mov a,low offset _SIGFOX_EP_BITSTREAM_build_application_frame_2
 340  0313  0080     E  	mov rf,a
 340  0314  0F00     R  	mov a,high offset _SIGFOX_EP_BITSTREAM_build_application_frame_2
 340  0315  0080     E  	mov rg,a
 340  0316  0F06        	mov a,6
 340  0317  0380     E  	addm a,rf
 340  0318  0F00        	mov a,0
 340  0319  1380     E  	adcm a,rg
 340  031A              _L25:
 339  031A              #line 339 "d:\sigfox-ep-example-holtek-bc68f2150-master-tb0\middleware\sigfox-ep-lib\src\core\sigfox_ep_bitstream.c"
 339  031A  0700     E  	mov a,ra
 339  031B  0200     R  	sub a,_SIGFOX_EP_BITSTREAM_build_application_frame_2[38]
 339  031C  3C0A        	sz c
 339  031D  2800     R  	jmp _L41
 340  031E              #line 340 "d:\sigfox-ep-example-holtek-bc68f2150-master-tb0\middleware\sigfox-ep-lib\src\core\sigfox_ep_bitstream.c"
 340  031E  0F04        	mov a,4
 340  031F  0300     E  	add a,ra
 340  0320  0080     E  	mov rd,a
 340  0321  0F00        	mov a,0
 340  0322  1F00     E  	clr re
 340  0323  1380     E  	adcm a,re
 340  0324  0700     E  	mov a,rd
 340  0325  0300     R  	add a,_SIGFOX_EP_BITSTREAM_build_application_frame_2[35]
 340  0326  0080     E  	mov rb,a
 340  0327  0700     E  	mov a,re
 340  0328  1300     R  	adc a,_SIGFOX_EP_BITSTREAM_build_application_frame_2[36]
 340  0329  0080     E  	mov rc,a
 340  032A  0700     E  	mov a,rb
 340  032B  0083        	mov mp,a
 340  032C  0700     E  	mov a,rc
 340  032D  0084        	mov sbp,a
 340  032E  2000     E  	call _Crom2Prom
 340  032F  0080     E  	mov rh,a
 340  0330  0700     E  	mov a,rd
 340  0331  0300     E  	add a,rf
"File: sigfox_ep_bitstream.c  Assembler  Version HGASM0202      Page 18

 340  0332  0083        	mov mp,a
 340  0333  0700     E  	mov a,re
 340  0334  1300     E  	adc a,rg
 340  0335  0084        	mov sbp,a
 340  0336  0700     E  	mov a,rh
 340  0337  0082        	mov ir,a
 341  0338              #line 341 "d:\sigfox-ep-example-holtek-bc68f2150-master-tb0\middleware\sigfox-ep-lib\src\core\sigfox_ep_bitstream.c"
 341  0338  0700     E  	mov a,rb
 341  0339  0083        	mov mp,a
 341  033A  0700     E  	mov a,rc
 341  033B  0084        	mov sbp,a
 341  033C  0F00        	mov a,0
 341  033D  0082        	mov ir,a
 339  033E              #line 339 "d:\sigfox-ep-example-holtek-bc68f2150-master-tb0\middleware\sigfox-ep-lib\src\core\sigfox_ep_bitstream.c"
 339  033E  1480     E  	inc ra
 339  033F  2800     R  	jmp _L25
 339  0340              _L41:
 339  0340  1F00     E  	clr rh
 339  0341  1F00     E  	clr rg
 350  0342              #line 350 "d:\sigfox-ep-example-holtek-bc68f2150-master-tb0\middleware\sigfox-ep-lib\src\core\sigfox_ep_bitstream.c"
 350  0342  0700     R  	mov a,_SIGFOX_EP_BITSTREAM_build_application_frame_2[37]
 350  0343  0080     E  	mov rb,a
 350  0344  1F00     E  	clr rc
 350  0345  340A        	clr c
 350  0346  1A00     E  	rlca rb
 350  0347  0080     R  	mov _SIGFOX_EP_BITSTREAM_build_application_frame_2[42],a
 350  0348  1A00     E  	rlca rc
 350  0349  0080     R  	mov _SIGFOX_EP_BITSTREAM_build_application_frame_2[43],a
 350  034A  340A        	clr c
 350  034B  1A80     R  	rlc _SIGFOX_EP_BITSTREAM_build_application_frame_2[42]
 350  034C  1A80     R  	rlc _SIGFOX_EP_BITSTREAM_build_application_frame_2[43]
 350  034D              _L27:
 343  034D              #line 343 "d:\sigfox-ep-example-holtek-bc68f2150-master-tb0\middleware\sigfox-ep-lib\src\core\sigfox_ep_bitstream.c"
 343  034D  0700     E  	mov a,rg
 343  034E  0200     R  	sub a,_SIGFOX_EP_BITSTREAM_build_application_frame_2[38]
 343  034F  3C0A        	sz c
 343  0350  2800     R  	jmp _L1
 345  0351              #line 345 "d:\sigfox-ep-example-holtek-bc68f2150-master-tb0\middleware\sigfox-ep-lib\src\core\sigfox_ep_bitstream.c"
 345  0351  0F04        	mov a,4
 345  0352  0300     E  	add a,rg
 345  0353  0080     E  	mov rd,a
 345  0354  0F00        	mov a,0
 345  0355  1F00     E  	clr re
 345  0356  1380     E  	adcm a,re
 345  0357  0F00     R  	mov a,low offset _SIGFOX_EP_BITSTREAM_build_application_frame_2
 345  0358  0080     E  	mov rb,a
 345  0359  0F00     R  	mov a,high offset _SIGFOX_EP_BITSTREAM_build_application_frame_2
 345  035A  0080     E  	mov rc,a
 345  035B  0F06        	mov a,6
 345  035C  0380     E  	addm a,rb
 345  035D  0F00        	mov a,0
 345  035E  1380     E  	adcm a,rc
 345  035F  0700     E  	mov a,rd
 345  0360  0300     E  	add a,rb
 345  0361  0083        	mov mp,a
 345  0362  0700     E  	mov a,re
 345  0363  1300     E  	adc a,rc
 345  0364  0084        	mov sbp,a
 345  0365  2000     E  	call _Crom2Prom
 345  0366  0080     R  	mov _SIGFOX_EP_BITSTREAM_build_application_frame_2[44],a
"File: sigfox_ep_bitstream.c  Assembler  Version HGASM0202      Page 19

 345  0367  1F00     R  	clr _SIGFOX_EP_BITSTREAM_build_application_frame_2[37]
 345  0368  0F80        	mov a,128
 345  0369  0080     E  	mov ra,a
 350  036A              #line 350 "d:\sigfox-ep-example-holtek-bc68f2150-master-tb0\middleware\sigfox-ep-lib\src\core\sigfox_ep_bitstream.c"
 350  036A  0700     E  	mov a,rd
 350  036B  0300     R  	add a,_SIGFOX_EP_BITSTREAM_build_application_frame_2[35]
 350  036C  0080     R  	mov _SIGFOX_EP_BITSTREAM_build_application_frame_2[40],a
 350  036D  0700     E  	mov a,re
 350  036E  1300     R  	adc a,_SIGFOX_EP_BITSTREAM_build_application_frame_2[36]
 350  036F  0080     R  	mov _SIGFOX_EP_BITSTREAM_build_application_frame_2[41],a
 350  0370              _L33:
 345  0370              #line 345 "d:\sigfox-ep-example-holtek-bc68f2150-master-tb0\middleware\sigfox-ep-lib\src\core\sigfox_ep_bitstream.c"
 345  0370  0700     E  	mov a,ra
 345  0371  0600     R  	and a,_SIGFOX_EP_BITSTREAM_build_application_frame_2[44]
 345  0372  0080     E  	mov rb,a
 345  0373  1E00     E  	snz rb
 345  0374  2800     R  	jmp _L28
 346  0375              #line 346 "d:\sigfox-ep-example-holtek-bc68f2150-master-tb0\middleware\sigfox-ep-lib\src\core\sigfox_ep_bitstream.c"
 346  0375  0700     E  	mov a,rh
 346  0376  0080     E  	mov rb,a
 346  0377  1F00     E  	clr rc
 346  0378  0700     E  	mov a,rb
 346  0379  0300     R  	add a,_SIGFOX_EP_BITSTREAM_build_application_frame_2[42]
 346  037A  0080     E  	mov rd,a
 346  037B  0700     E  	mov a,rc
 346  037C  1300     R  	adc a,_SIGFOX_EP_BITSTREAM_build_application_frame_2[43]
 346  037D  0080     E  	mov re,a
 346  037E  0F01        	mov a,1
 346  037F  0080     E  	mov rf,a
 346  0380  0F00     R  	mov a,low offset _SIGFOX_EP_BITSTREAM_UL_CONVOLUTION_LUT_IN_OUT
 346  0381  0300     E  	add a,rd
 346  0382  0083        	mov mp,a
 346  0383  0F00     R  	mov a,high offset _SIGFOX_EP_BITSTREAM_UL_CONVOLUTION_LUT_IN_OUT
 346  0384  1300     E  	adc a,re
 346  0385  0084        	mov sbp,a
 346  0386  2000     E  	call _Crom2Prom
 346  0387  0080     E  	mov rd,a
 346  0388  1E00     E  	snz rd
 346  0389  2800     R  	jmp _L29
 346  038A  1F00     E  	clr rf
 346  038B              _L29:
 346  038B  0700     E  	mov a,rf
 346  038C  0080     E  	mov _builtin_holtek_mulqi3_2[0],a
 346  038D  0700     E  	mov a,ra
 346  038E  2000     E  	call _builtin_holtek_mulqi3
 346  038F  0700     E  	mov a,_builtin_holtek_mulqi3_2[1]
 346  0390  0080     E  	mov rf,a
 346  0391  0700     R  	mov a,_SIGFOX_EP_BITSTREAM_build_application_frame_2[40]
 346  0392  0083        	mov mp,a
 346  0393  0700     R  	mov a,_SIGFOX_EP_BITSTREAM_build_application_frame_2[41]
 346  0394  0084        	mov sbp,a
 346  0395  2000     E  	call _Crom2Prom
 346  0396  0080     R  	mov _SIGFOX_EP_BITSTREAM_build_application_frame_2[46],a
 346  0397  0700     R  	mov a,_SIGFOX_EP_BITSTREAM_build_application_frame_2[46]
 346  0398  0580     E  	orm a,rf
 346  0399  0700     E  	mov a,rf
 346  039A  0082        	mov ir,a
 347  039B              #line 347 "d:\sigfox-ep-example-holtek-bc68f2150-master-tb0\middleware\sigfox-ep-lib\src\core\sigfox_ep_bitstream.c"
 347  039B  0F00     R  	mov a,low offset _SIGFOX_EP_BITSTREAM_UL_CONVOLUTION_LUT_IN
 347  039C  0300     E  	add a,rb
"File: sigfox_ep_bitstream.c  Assembler  Version HGASM0202      Page 20

 347  039D  0083        	mov mp,a
 347  039E  0F00     R  	mov a,high offset _SIGFOX_EP_BITSTREAM_UL_CONVOLUTION_LUT_IN
 347  039F  1300     E  	adc a,rc
 347  03A0  0084        	mov sbp,a
 347  03A1  2000     E  	call _Crom2Prom
 347  03A2  0080     E  	mov rh,a
 347  03A3  0F02        	mov a,2
 347  03A4  0380     E  	addm a,rh
 347  03A5  2800     R  	jmp _L30
 347  03A6              _L28:
 350  03A6              #line 350 "d:\sigfox-ep-example-holtek-bc68f2150-master-tb0\middleware\sigfox-ep-lib\src\core\sigfox_ep_bitstream.c"
 350  03A6  0700     E  	mov a,rh
 350  03A7  0080     E  	mov rb,a
 350  03A8  1F00     E  	clr rc
 350  03A9  0700     E  	mov a,rb
 350  03AA  0300     R  	add a,_SIGFOX_EP_BITSTREAM_build_application_frame_2[42]
 350  03AB  0080     E  	mov rd,a
 350  03AC  0700     E  	mov a,rc
 350  03AD  1300     R  	adc a,_SIGFOX_EP_BITSTREAM_build_application_frame_2[43]
 350  03AE  0080     E  	mov re,a
 350  03AF  0F00     R  	mov a,low offset _SIGFOX_EP_BITSTREAM_UL_CONVOLUTION_LUT_IN_OUT
 350  03B0  0300     E  	add a,rd
 350  03B1  0083        	mov mp,a
 350  03B2  0F00     R  	mov a,high offset _SIGFOX_EP_BITSTREAM_UL_CONVOLUTION_LUT_IN_OUT
 350  03B3  1300     E  	adc a,re
 350  03B4  0084        	mov sbp,a
 350  03B5  2000     E  	call _Crom2Prom
 350  03B6  0080     E  	mov rd,a
 350  03B7  0700     E  	mov a,ra
 350  03B8  0080     E  	mov _builtin_holtek_mulqi3_2[0],a
 350  03B9  0700     E  	mov a,rd
 350  03BA  2000     E  	call _builtin_holtek_mulqi3
 350  03BB  0700     E  	mov a,_builtin_holtek_mulqi3_2[1]
 350  03BC  0080     E  	mov rd,a
 350  03BD  0700     R  	mov a,_SIGFOX_EP_BITSTREAM_build_application_frame_2[40]
 350  03BE  0083        	mov mp,a
 350  03BF  0700     R  	mov a,_SIGFOX_EP_BITSTREAM_build_application_frame_2[41]
 350  03C0  0084        	mov sbp,a
 350  03C1  2000     E  	call _Crom2Prom
 350  03C2  0080     R  	mov _SIGFOX_EP_BITSTREAM_build_application_frame_2[46],a
 350  03C3  0700     R  	mov a,_SIGFOX_EP_BITSTREAM_build_application_frame_2[46]
 350  03C4  0580     E  	orm a,rd
 350  03C5  0700     E  	mov a,rd
 350  03C6  0082        	mov ir,a
 351  03C7              #line 351 "d:\sigfox-ep-example-holtek-bc68f2150-master-tb0\middleware\sigfox-ep-lib\src\core\sigfox_ep_bitstream.c"
 351  03C7  0F00     R  	mov a,low offset _SIGFOX_EP_BITSTREAM_UL_CONVOLUTION_LUT_IN
 351  03C8  0300     E  	add a,rb
 351  03C9  0083        	mov mp,a
 351  03CA  0F00     R  	mov a,high offset _SIGFOX_EP_BITSTREAM_UL_CONVOLUTION_LUT_IN
 351  03CB  1300     E  	adc a,rc
 351  03CC  0084        	mov sbp,a
 351  03CD  2000     E  	call _Crom2Prom
 351  03CE  0080     E  	mov rh,a
 351  03CF              _L30:
 344  03CF              #line 344 "d:\sigfox-ep-example-holtek-bc68f2150-master-tb0\middleware\sigfox-ep-lib\src\core\sigfox_ep_bitstream.c"
 344  03CF  340A        	clr c
 344  03D0  1B80     E  	rrc ra
 344  03D1  1480     R  	inc _SIGFOX_EP_BITSTREAM_build_application_frame_2[37]
 344  03D2  0700     R  	mov a,_SIGFOX_EP_BITSTREAM_build_application_frame_2[37]
 344  03D3  0A08        	sub a,8
"File: sigfox_ep_bitstream.c  Assembler  Version HGASM0202      Page 21

 344  03D4  390A        	snz z
 344  03D5  2800     R  	jmp _L33
 343  03D6              #line 343 "d:\sigfox-ep-example-holtek-bc68f2150-master-tb0\middleware\sigfox-ep-lib\src\core\sigfox_ep_bitstream.c"
 343  03D6  1480     E  	inc rg
 343  03D7  2800     R  	jmp _L27
 343  03D8              _L2:
 343  03D8              _L1:
 343  03D8              #pragma debug scope 7 2
 343  03D8              #pragma debug scope 2 1
 343  03D8  0003        	ret
 343  03D9              _SIGFOX_EP_BITSTREAM_build_application_frame endp
 343  03D9              #line 343 "d:\sigfox-ep-example-holtek-bc68f2150-master-tb0\middleware\sigfox-ep-lib\src\core\sigfox_ep_bitstream.c"
 343  03D9              #pragma debug scope 1 1
 343  0000              @HCCINIT0_sigfox_ep_bitstream_ctx .section 'data'
 343  0000  0007[       _sigfox_ep_bitstream_ctx	db 7 dup(0)
            00
            ]
 343  0007              #pragma debug struct_end
 343  0007              #pragma debug struct_end
 343  0007              #pragma debug variable 49 1 _sigfox_ep_bitstream_ctx "sigfox_ep_bitstream_ctx"
 343  0007              
 343  0000              @HCCINIT .section 'data'
 343  0000              @crom	.section 'crom'
 165  0000              #line 165 "d:\sigfox-ep-example-holtek-bc68f2150-master-tb0\middleware\sigfox-ep-lib\src\core\sigfox_ep_bitstream.c"
 165  0000              @crom	.section	'crom'
 165  0000              _SIGFOX_EP_BITSTREAM_UL_CONVOLUTION_LUT_IN_OUT:
 165  0000              #pragma debug array 50 8 4 1
 165  0000              #pragma debug array 50 8 4 1
 165  0000              #pragma debug array 51 50 3 1
 165  0000              #pragma debug array 51 50 3 1
 165  0000              #pragma debug variable 51 1 _SIGFOX_EP_BITSTREAM_UL_CONVOLUTION_LUT_IN_OUT "SIGFOX_EP_BITSTREAM_UL_CONVOLUTION_LUT_IN_OUT"
 165  0000              	db 0
 165  0001              	db 0
 165  0001              	db 0
 165  0002              	db 0
 165  0002              	db 0
 165  0003              	db 1
 165  0003              	db 1
 165  0004              	db 0
 165  0004              	db 0
 165  0005              	db 1
 165  0005              	db 0
 165  0006              	db 1
 164  0006              #line 164 "d:\sigfox-ep-example-holtek-bc68f2150-master-tb0\middleware\sigfox-ep-lib\src\core\sigfox_ep_bitstream.c"
 164  0006              @crom	.section	'crom'
 164  0006              _SIGFOX_EP_BITSTREAM_UL_CONVOLUTION_LUT_IN:
 164  0006              #pragma debug variable 50 1 _SIGFOX_EP_BITSTREAM_UL_CONVOLUTION_LUT_IN "SIGFOX_EP_BITSTREAM_UL_CONVOLUTION_LUT_IN"
 164  0006              	db 0
 164  0007              	db 0
 164  0007              	db 1
 164  0008              	db 1
 157  0008              #line 157 "d:\sigfox-ep-example-holtek-bc68f2150-master-tb0\middleware\sigfox-ep-lib\src\core\sigfox_ep_bitstream.c"
 157  0008              @crom	.section	'crom'
 157  0008              _SIGFOX_EP_BITSTREAM_UL_ENCRYPTION_LOOP_LUT:
 157  0008              #pragma debug array 52 8 13 1
 157  0008              #pragma debug array 52 8 13 1
 157  0008              #pragma debug variable 52 1 _SIGFOX_EP_BITSTREAM_UL_ENCRYPTION_LOOP_LUT "SIGFOX_EP_BITSTREAM_UL_ENCRYPTION_LOOP_LUT"
 157  0008              	db 1
 157  0009              	db 1
 157  0009              	db 1
"File: sigfox_ep_bitstream.c  Assembler  Version HGASM0202      Page 22

 157  000A              	db 1
 157  000A              	db 1
 157  000B              	db 1
 157  000B              	db 1
 157  000C              	db 1
 157  000C              	db 1
 157  000D              	db 1
 157  000D              	db 1
 157  000E              	db 2
 157  000E              	db 2
 122  000F              #line 122 "d:\sigfox-ep-example-holtek-bc68f2150-master-tb0\middleware\sigfox-ep-lib\src\core\sigfox_ep_bitstream.c"
 122  000F              @crom	.section	'crom'
 122  000F              _SIGFOX_EP_BITSTREAM_UL_FT_APPLICATION_TABLE:
 122  000F              #pragma debug array 53 12 5 1
 122  000F              #pragma debug array 53 12 5 1
 122  000F              #pragma debug array 54 53 3 1
 122  000F              #pragma debug array 54 53 3 1
 122  000F              #pragma debug variable 54 1 _SIGFOX_EP_BITSTREAM_UL_FT_APPLICATION_TABLE "SIGFOX_EP_BITSTREAM_UL_FT_APPLICATION_TABLE"
 122  000F  A06B        	dc -24469
 122  0010  A08D        	dc -24435
 122  0011  A35F        	dc -23713
 122  0012  A611        	dc -23023
 122  0013  A94C        	dc -22196
 122  0014  A6E0        	dc -22816
 122  0015  A0D2        	dc -24366
 122  0016  A598        	dc -23144
 122  0017  A6BF        	dc -22849
 122  0018  A971        	dc -22159
 122  0019  A034        	dc -24524
 122  001A  A302        	dc -23806
 122  001B  A5A3        	dc -23133
 122  001C  A72C        	dc -22740
 122  001D  A997        	dc -22121
 122  001E              extern _builtin_holtek_divmodhi4:near
 122  001E              extern _builtin_holtek_udivmodhi4_2:byte
 122  001E              extern _builtin_holtek_udivmodhi4:near
 122  001E              extern _MCU_API_aes_128_cbc_encrypt_2:byte
 122  001E              extern _MCU_API_aes_128_cbc_encrypt:near
 122  001E              extern _SIGFOX_CRC_compute_crc16_2:byte
 122  001E              extern _SIGFOX_CRC_compute_crc16:near
 122  001E              extern _builtin_holtek_mulqi3_2:byte
 122  001E              extern _builtin_holtek_mulqi3:near
 122  001E              
 122  001E              ; 
 122  001E              ; Generated by holtek-gcc v3.19, Thu May 23 14:41:52 2024
 122  001E              ; Rebuild 718
 122  001E              ; end of file


        0 Errors, 0