"File: sigfox_crc.c  Assembler  Version HGASM0202      Page 1


   1  0000              ; Generated by holtek-gcc v3.19, Thu May 23 14:41:52 2024
   2  0000              ; 
   3  0000              ; Configuration:
   4  0000              ;       with long instruction
   5  0000              ;       Single ROM, Multi-RAM
   6  0000              ;       bits_per_rom_unit:16
   7  0000              ;       with mp1
   8  0000              ;       with tbhp, address(0x9)
   9  0000              ;          Use tabrd-const
  10  0000              ;       
  11  0000              ; SFR address of long-instruction arch:
  12  0000              ;    mp0 = -1,1,0
  13  0000              ;    mp1 = 4,3,2
  14  0000              ;    mp2 = 14,13,12
  15  0000              ;    tbp = 9,7,8
  16  0000              ;    acc = 5
  17  0000              ;    pcl = 6
  18  0000              ;    status = 10
  19  0000              ;    bp = 11
  20  0000              ;    intc = 16
  21  0000              ;       
  22  0000              ;       
  23  0000              ; use 'tabrdc' instead of 'tabrd'
  24  0000              ;       
  25  0000              
  26  0000              #pragma translator "holtek-gcc 4.6.4" "3.19" "build 20130711"
  27  0000              ; Rebuild 718
  28  0000              
  29  0000              ir equ [2]
  30  0000              mp equ [3]
  31  0000              sbp equ [4]
  32  0000              acc equ [5]
  33  0000              bp equ [11]
  34  0000              tblp equ [7]
  35  0000              tbhp equ [9]
  36  0000              status equ [10]
  37  0000              c equ [10].0
  38  0000              ac equ [10].1
  39  0000              z equ [10].2
  40  0000              ov equ [10].3
  41  0000              cz equ [10].6
  42  0000              sc equ [10].7
  43  0000              intc equ [16]
  44  0000              
  45  0000              extern ra:byte
  46  0000              extern rb:byte
  47  0000              extern rc:byte
  48  0000              extern rd:byte
  49  0000              extern re:byte
  50  0000              extern rf:byte
  51  0000              extern rg:byte
  52  0000              extern rh:byte
  53  0000              extern _Crom2Prom:near
  54  0000              extern _Crom2PromNext:near
  55  0000              
  56  0000              RAMBANK 0 @BITDATASEC, @BITDATASEC1
  57  0000              @HCCINIT	.section 'data'
  58  0000              @HCCINIT0	.section 'data'
  59  0000              @BITDATASEC	 .section 'data'
"File: sigfox_crc.ASM  Assembler  Version HGASM0202      Page 2

  60  0000              @BITDATASEC1	 .section 'data'
  61  0000              
  62  0000              #pragma debug scope 1 1
  63  0000              public _SIGFOX_CRC_compute_crc16
  64  0000              #pragma debug scope 2 1

  50  0000              #line 50 "d:\sigfox-ep-example-holtek-bc68f2150-master-tb0\middleware\sigfox-ep-lib\src\core\sigfox_crc.c"
  50  0000              _SIGFOX_CRC_compute_crc16 .section 'code'
  50  0000              _SIGFOX_CRC_compute_crc16 proc
  50  0000              public _SIGFOX_CRC_compute_crc16_2
  50  0000  0007[           local _SIGFOX_CRC_compute_crc16_2 db 7 dup(?)	; 7,0
            00
            ]
  50  0007              #pragma debug pointer 42 8 2
  50  0007              #pragma debug pointer 42 8 2
  50  0007              #pragma debug variable 42 2 _SIGFOX_CRC_compute_crc16_2+0 "crc_data"
  50  0007              #pragma debug variable 8 2 _SIGFOX_CRC_compute_crc16_2+2 "data_size"
  50  0007              #pragma debug variable 10 2 _SIGFOX_CRC_compute_crc16_2+3 "polynom"
  50  0007              #pragma debug pointer 43 12 2
  50  0007              #pragma debug pointer 43 12 2
  50  0007              #pragma debug variable 43 2 _SIGFOX_CRC_compute_crc16_2+5 "crc"
  63  0007              #line 63 "d:\sigfox-ep-example-holtek-bc68f2150-master-tb0\middleware\sigfox-ep-lib\src\core\sigfox_crc.c"
  63  0000  0700     R  	mov a,_SIGFOX_CRC_compute_crc16_2[5]
  63  0001  0083        	mov mp,a
  63  0002  0700     R  	mov a,_SIGFOX_CRC_compute_crc16_2[6]
  63  0003  0084        	mov sbp,a
  63  0004  1F02        	clr ir
  63  0005  1483        	inc mp
  63  0006  1F02        	clr ir
  64  0007              #line 64 "d:\sigfox-ep-example-holtek-bc68f2150-master-tb0\middleware\sigfox-ep-lib\src\core\sigfox_crc.c"
  64  0007  1F00     E  	clr ra
  64  0008  2800     R  	jmp _L2
  64  0009              _L7:
  65  0009              #line 65 "d:\sigfox-ep-example-holtek-bc68f2150-master-tb0\middleware\sigfox-ep-lib\src\core\sigfox_crc.c"
  65  0009  0700     R  	mov a,_SIGFOX_CRC_compute_crc16_2[5]
  65  000A  0080     E  	mov rd,a
  65  000B  0700     R  	mov a,_SIGFOX_CRC_compute_crc16_2[6]
  65  000C  0080     E  	mov re,a
  65  000D  0700     E  	mov a,ra
  65  000E  0300     R  	add a,_SIGFOX_CRC_compute_crc16_2[0]
  65  000F  0083        	mov mp,a
  65  0010  1F05        	clr acc
  65  0011  1300     R  	adc a,_SIGFOX_CRC_compute_crc16_2[1]
  65  0012  0084        	mov sbp,a
  65  0013  2000     E  	call _Crom2Prom
  65  0014  0080     E  	mov rg,a
  65  0015  1F00     E  	clr rf
  65  0016  0700     E  	mov a,rd
  65  0017  0083        	mov mp,a
  65  0018  0700     E  	mov a,re
  65  0019  0084        	mov sbp,a
  65  001A  2000     E  	call _Crom2Prom
  65  001B  0080     E  	mov rb,a
  65  001C  2000     E  	call _Crom2PromNext
  65  001D  0080     E  	mov rc,a
  65  001E  0700     E  	mov a,rg
  65  001F  0480     E  	xorm a,rc
  65  0020  0700     E  	mov a,rf
  65  0021  0480     E  	xorm a,rb
  65  0022  0700     E  	mov a,rd
"File: sigfox_crc.c  Assembler  Version HGASM0202      Page 3

  65  0023  0083        	mov mp,a
  65  0024  0700     E  	mov a,re
  65  0025  0084        	mov sbp,a
  65  0026  0700     E  	mov a,rb
  65  0027  0082        	mov ir,a
  65  0028  1483        	inc mp
  65  0029  0700     E  	mov a,rc
  65  002A  0082        	mov ir,a
  65  002B  0F08        	mov a,8
  65  002C  0080     E  	mov rh,a
  65  002D              _L6:
  67  002D              #line 67 "d:\sigfox-ep-example-holtek-bc68f2150-master-tb0\middleware\sigfox-ep-lib\src\core\sigfox_crc.c"
  67  002D  0700     R  	mov a,_SIGFOX_CRC_compute_crc16_2[5]
  67  002E  0080     E  	mov rd,a
  67  002F  0700     R  	mov a,_SIGFOX_CRC_compute_crc16_2[6]
  67  0030  0080     E  	mov re,a
  67  0031  0700     E  	mov a,rd
  67  0032  0083        	mov mp,a
  67  0033  0700     E  	mov a,re
  67  0034  0084        	mov sbp,a
  67  0035  2000     E  	call _Crom2Prom
  67  0036  0080     E  	mov rb,a
  67  0037  2000     E  	call _Crom2PromNext
  67  0038  0080     E  	mov rc,a
  67  0039  3800     E  	snz rc.7
  67  003A  2800     R  	jmp _L3
  68  003B              #line 68 "d:\sigfox-ep-example-holtek-bc68f2150-master-tb0\middleware\sigfox-ep-lib\src\core\sigfox_crc.c"
  68  003B  340A        	clr c
  68  003C  1A80     E  	rlc rb
  68  003D  1A80     E  	rlc rc
  68  003E  0700     R  	mov a,_SIGFOX_CRC_compute_crc16_2[4]
  68  003F  0480     E  	xorm a,rc
  68  0040  0700     R  	mov a,_SIGFOX_CRC_compute_crc16_2[3]
  68  0041  0480     E  	xorm a,rb
  68  0042  2800     R  	jmp _L8
  68  0043              _L3:
  71  0043              #line 71 "d:\sigfox-ep-example-holtek-bc68f2150-master-tb0\middleware\sigfox-ep-lib\src\core\sigfox_crc.c"
  71  0043  340A        	clr c
  71  0044  1A80     E  	rlc rb
  71  0045  1A80     E  	rlc rc
  71  0046              _L8:
  71  0046  0700     E  	mov a,rd
  71  0047  0083        	mov mp,a
  71  0048  0700     E  	mov a,re
  71  0049  0084        	mov sbp,a
  71  004A  0700     E  	mov a,rb
  71  004B  0082        	mov ir,a
  71  004C  1483        	inc mp
  71  004D  0700     E  	mov a,rc
  71  004E  0082        	mov ir,a
  71  004F  1780     E  	sdz rh
  71  0050  2800     R  	jmp _L6
  64  0051              #line 64 "d:\sigfox-ep-example-holtek-bc68f2150-master-tb0\middleware\sigfox-ep-lib\src\core\sigfox_crc.c"
  64  0051  1480     E  	inc ra
  64  0052              _L2:
  64  0052  0700     E  	mov a,ra
  64  0053  0200     R  	sub a,_SIGFOX_CRC_compute_crc16_2[2]
  64  0054  380A        	snz c
  64  0055  2800     R  	jmp _L7
  64  0056  0003        	ret
"File: sigfox_crc.c  Assembler  Version HGASM0202      Page 4

  64  0057              _SIGFOX_CRC_compute_crc16 endp
  64  0057              #line 64 "d:\sigfox-ep-example-holtek-bc68f2150-master-tb0\middleware\sigfox-ep-lib\src\core\sigfox_crc.c"
  64  0057              #pragma debug scope 1 1
  64  0057              
  64  0057              ; 
  64  0057              ; Generated by holtek-gcc v3.19, Thu May 23 14:41:52 2024
  64  0057              ; Rebuild 718
  64  0057              ; end of file


        0 Errors, 0